2024-06-21 15:32:55.214  INFO 10416 --- [restartedMain] c.i.c.CurrencyExchangeServiceApplication : Starting CurrencyExchangeServiceApplication using Java 1.8.0_412 on LAPTOP-ITA2BH6J with PID 10416 (D:\training\zuul-ms-poc\currency-exchange-service\target\classes started by User in D:\training\zuul-ms-poc)
2024-06-21 15:32:55.216 DEBUG 10416 --- [restartedMain] c.i.c.CurrencyExchangeServiceApplication : Running with Spring Boot v2.7.18, Spring v5.3.31
2024-06-21 15:32:55.216  INFO 10416 --- [restartedMain] c.i.c.CurrencyExchangeServiceApplication : The following 1 profile is active: "qa"
2024-06-21 15:32:55.287  INFO 10416 --- [restartedMain] o.s.c.c.c.ConfigServerConfigDataLoader   : Fetching config from server at : http://localhost:8888
2024-06-21 15:32:55.287  INFO 10416 --- [restartedMain] o.s.c.c.c.ConfigServerConfigDataLoader   : Located environment: name=currency-exchange-service, profiles=[default], label=null, version=9f458b456e182bdeca4d4d50ac23ea0c4fc7a2b7, state=null
2024-06-21 15:32:55.287  INFO 10416 --- [restartedMain] o.s.c.c.c.ConfigServerConfigDataLoader   : Fetching config from server at : http://localhost:8888
2024-06-21 15:32:55.287  INFO 10416 --- [restartedMain] o.s.c.c.c.ConfigServerConfigDataLoader   : Located environment: name=currency-exchange-service, profiles=[qa], label=null, version=9f458b456e182bdeca4d4d50ac23ea0c4fc7a2b7, state=null
2024-06-21 15:32:55.287  INFO 10416 --- [restartedMain] .e.DevToolsPropertyDefaultsPostProcessor : Devtools property defaults active! Set 'spring.devtools.add-properties' to 'false' to disable
2024-06-21 15:32:55.287  INFO 10416 --- [restartedMain] .e.DevToolsPropertyDefaultsPostProcessor : For additional web related logging consider setting the 'logging.level.web' property to 'DEBUG'
2024-06-21 15:32:56.491  INFO 10416 --- [restartedMain] .s.d.r.c.RepositoryConfigurationDelegate : Bootstrapping Spring Data JPA repositories in DEFAULT mode.
2024-06-21 15:32:56.571  INFO 10416 --- [restartedMain] .s.d.r.c.RepositoryConfigurationDelegate : Finished Spring Data repository scanning in 63 ms. Found 1 JPA repository interfaces.
2024-06-21 15:32:56.883  INFO 10416 --- [restartedMain] o.s.cloud.context.scope.GenericScope     : BeanFactory id=9ff48fbe-d6ef-31e0-b0c4-8ef18157699d
2024-06-21 15:32:58.135  INFO 10416 --- [restartedMain] o.s.b.w.embedded.tomcat.TomcatWebServer  : Tomcat initialized with port(s): 8001 (http)
2024-06-21 15:32:58.138  INFO 10416 --- [restartedMain] o.apache.catalina.core.StandardService   : Starting service [Tomcat]
2024-06-21 15:32:58.138  INFO 10416 --- [restartedMain] org.apache.catalina.core.StandardEngine  : Starting Servlet engine: [Apache Tomcat/9.0.83]
2024-06-21 15:32:58.268  INFO 10416 --- [restartedMain] o.a.c.c.C.[Tomcat].[localhost].[/]       : Initializing Spring embedded WebApplicationContext
2024-06-21 15:32:58.268  INFO 10416 --- [restartedMain] w.s.c.ServletWebServerApplicationContext : Root WebApplicationContext: initialization completed in 2981 ms
2024-06-21 15:32:58.508  INFO 10416 --- [restartedMain] com.zaxxer.hikari.HikariDataSource       : HikariPool-1 - Starting...
2024-06-21 15:32:58.814  INFO 10416 --- [restartedMain] com.zaxxer.hikari.HikariDataSource       : HikariPool-1 - Start completed.
2024-06-21 15:32:58.826  INFO 10416 --- [restartedMain] o.s.b.a.h2.H2ConsoleAutoConfiguration    : H2 console available at '/h2-console'. Database available at 'jdbc:h2:mem:testdb'
2024-06-21 15:32:59.152  INFO 10416 --- [restartedMain] o.hibernate.jpa.internal.util.LogHelper  : HHH000204: Processing PersistenceUnitInfo [name: default]
2024-06-21 15:32:59.249  INFO 10416 --- [restartedMain] org.hibernate.Version                    : HHH000412: Hibernate ORM core version 5.6.15.Final
2024-06-21 15:32:59.537  INFO 10416 --- [restartedMain] o.hibernate.annotations.common.Version   : HCANN000001: Hibernate Commons Annotations {5.1.2.Final}
2024-06-21 15:32:59.665  INFO 10416 --- [restartedMain] org.hibernate.dialect.Dialect            : HHH000400: Using dialect: org.hibernate.dialect.H2Dialect
2024-06-21 15:33:00.505  INFO 10416 --- [restartedMain] o.h.e.t.j.p.i.JtaPlatformInitiator       : HHH000490: Using JtaPlatform implementation: [org.hibernate.engine.transaction.jta.platform.internal.NoJtaPlatform]
2024-06-21 15:33:00.524  INFO 10416 --- [restartedMain] j.LocalContainerEntityManagerFactoryBean : Initialized JPA EntityManagerFactory for persistence unit 'default'
2024-06-21 15:33:01.237  WARN 10416 --- [restartedMain] JpaBaseConfiguration$JpaWebConfiguration : spring.jpa.open-in-view is enabled by default. Therefore, database queries may be performed during view rendering. Explicitly configure spring.jpa.open-in-view to disable this warning
2024-06-21 15:33:02.048  WARN 10416 --- [restartedMain] o.s.b.d.a.OptionalLiveReloadServer       : Unable to start LiveReload server
2024-06-21 15:33:02.525  INFO 10416 --- [restartedMain] o.s.b.a.e.web.EndpointLinksResolver      : Exposing 1 endpoint(s) beneath base path '/actuator'
2024-06-21 15:33:02.589  INFO 10416 --- [restartedMain] o.s.b.w.embedded.tomcat.TomcatWebServer  : Tomcat started on port(s): 8001 (http) with context path ''
2024-06-21 15:33:03.066  INFO 10416 --- [restartedMain] c.i.c.CurrencyExchangeServiceApplication : Started CurrencyExchangeServiceApplication in 9.926 seconds (JVM running for 10.817)
2024-06-21 15:37:50.635  INFO 10416 --- [File Watcher] rtingClassPathChangeChangedEventListener : Restarting due to 2 class path changes (1 addition, 0 deletions, 1 modification)
2024-06-21 15:37:51.107  INFO 10416 --- [Thread-1] o.apache.catalina.core.StandardService   : Stopping service [Tomcat]
2024-06-21 15:37:51.144  INFO 10416 --- [Thread-1] j.LocalContainerEntityManagerFactoryBean : Closing JPA EntityManagerFactory for persistence unit 'default'
2024-06-21 15:37:51.364  WARN 10416 --- [Thread-1] o.s.b.f.support.DisposableBeanAdapter    : Invocation of destroy method failed on bean with name 'inMemoryDatabaseShutdownExecutor': org.h2.jdbc.JdbcSQLNonTransientConnectionException: Database is already closed (to disable automatic closing at VM shutdown, add ";DB_CLOSE_ON_EXIT=FALSE" to the db URL) [90121-214]
2024-06-21 15:37:51.366  INFO 10416 --- [Thread-1] com.zaxxer.hikari.HikariDataSource       : HikariPool-1 - Shutdown initiated...
2024-06-21 15:37:51.373  INFO 10416 --- [Thread-1] com.zaxxer.hikari.HikariDataSource       : HikariPool-1 - Shutdown completed.
