#
# There is insufficient memory for the Java Runtime Environment to continue.
# Native memory allocation (malloc) failed to allocate 107776 bytes for Chunk::new
# Possible reasons:
#   The system is out of physical RAM or swap space
#   The process is running with CompressedOops enabled, and the Java Heap may be blocking the growth of the native heap
# Possible solutions:
#   Reduce memory load on the system
#   Increase physical memory or swap space
#   Check if swap backing store is full
#   Decrease Java heap size (-Xmx/-Xms)
#   Decrease number of Java threads
#   Decrease Java thread stack sizes (-Xss)
#   Set larger code cache with -XX:ReservedCodeCacheSize=
#   JVM is running with Unscaled Compressed Oops mode in which the Java heap is
#     placed in the first 4GB address space. The Java Heap base address is the
#     maximum limit for the native heap growth. Please use -XX:HeapBaseMinAddress
#     to set the Java Heap base and to place the Java Heap above 4GB virtual address.
# This output file may be truncated or incomplete.
#
#  Out of Memory Error (allocation.cpp:389), pid=28084, tid=0x0000000000001db8
#
# JRE version: OpenJDK Runtime Environment (8.0_412-b08) (build 1.8.0_412-b08)
# Java VM: OpenJDK 64-Bit Server VM (25.412-b08 mixed mode windows-amd64 compressed oops)
# Failed to write core dump. Minidumps are not enabled by default on client versions of Windows
#

---------------  T H R E A D  ---------------

Current thread (0x000001b38f96e000):  JavaThread "C2 CompilerThread0" daemon [_thread_in_native, id=7608, stack(0x0000000c85c00000,0x0000000c85d00000)]

Stack: [0x0000000c85c00000,0x0000000c85d00000]
[error occurred during error reporting (printing stack bounds), id 0xc0000005]

Native frames: (J=compiled Java code, j=interpreted, Vv=VM code, C=native code)


Current CompileTask:
C2:   3781 1593       4       org.springframework.boot.context.properties.source.ConfigurationPropertyName::elementsOf (147 bytes)


---------------  P R O C E S S  ---------------

Java Threads: ( => current thread )
  0x000001b390b44000 JavaThread "Keep-Alive-Timer" daemon [_thread_blocked, id=3460, stack(0x0000000c86500000,0x0000000c86600000)]
  0x000001b39049e800 JavaThread "restartedMain" [_thread_in_native, id=380, stack(0x0000000c86300000,0x0000000c86400000)]
  0x000001b39044a000 JavaThread "Thread-0" [_thread_blocked, id=23712, stack(0x0000000c86200000,0x0000000c86300000)]
  0x000001b38fa2f800 JavaThread "Service Thread" daemon [_thread_blocked, id=11128, stack(0x0000000c86000000,0x0000000c86100000)]
  0x000001b38f993800 JavaThread "C1 CompilerThread3" daemon [_thread_blocked, id=10492, stack(0x0000000c85f00000,0x0000000c86000000)]
  0x000001b38f990800 JavaThread "C2 CompilerThread2" daemon [_thread_in_native, id=14700, stack(0x0000000c85e00000,0x0000000c85f00000)]
  0x000001b38f98d000 JavaThread "C2 CompilerThread1" daemon [_thread_in_native, id=12596, stack(0x0000000c85d00000,0x0000000c85e00000)]
=>0x000001b38f96e000 JavaThread "C2 CompilerThread0" daemon [_thread_in_native, id=7608, stack(0x0000000c85c00000,0x0000000c85d00000)]
  0x000001b38f96b800 JavaThread "Monitor Ctrl-Break" daemon [_thread_in_native, id=7332, stack(0x0000000c85b00000,0x0000000c85c00000)]
  0x000001b3fe182000 JavaThread "Attach Listener" daemon [_thread_blocked, id=12064, stack(0x0000000c85a00000,0x0000000c85b00000)]
  0x000001b3fe181800 JavaThread "Signal Dispatcher" daemon [_thread_blocked, id=7528, stack(0x0000000c85900000,0x0000000c85a00000)]
  0x000001b3fe157000 JavaThread "Finalizer" daemon [_thread_blocked, id=7584, stack(0x0000000c85800000,0x0000000c85900000)]
  0x000001b3fe150000 JavaThread "Reference Handler" daemon [_thread_blocked, id=10108, stack(0x0000000c85700000,0x0000000c85800000)]
  0x000001b3f74bb000 JavaThread "main" [_thread_blocked, id=2240, stack(0x0000000c84b00000,0x0000000c84c00000)]

Other Threads:
  0x000001b3fe128000 VMThread [stack: 0x0000000c85600000,0x0000000c85700000] [id=21800]
  0x000001b38fa30800 WatcherThread [stack: 0x0000000c86100000,0x0000000c86200000] [id=11528]

VM state:not at safepoint (normal execution)

VM Mutex/Monitor currently owned by a thread: None

heap address: 0x000000008a800000, size: 1880 MB, Compressed Oops mode: 32-bit
Narrow klass base: 0x0000000000000000, Narrow klass shift: 3
Compressed class space size: 1073741824 Address: 0x0000000100000000

Heap:
 PSYoungGen      total 66048K, used 6729K [0x00000000d8d80000, 0x00000000dd280000, 0x0000000100000000)
  eden space 61440K, 3% used [0x00000000d8d80000,0x00000000d8f928a0,0x00000000dc980000)
  from space 4608K, 99% used [0x00000000dce00000,0x00000000dd27fca0,0x00000000dd280000)
  to   space 4608K, 0% used [0x00000000dc980000,0x00000000dc980000,0x00000000dce00000)
 ParOldGen       total 80896K, used 10259K [0x000000008a800000, 0x000000008f700000, 0x00000000d8d80000)
  object space 80896K, 12% used [0x000000008a800000,0x000000008b204c60,0x000000008f700000)
 Metaspace       used 18921K, capacity 19736K, committed 19968K, reserved 1067008K
  class space    used 2318K, capacity 2513K, committed 2560K, reserved 1048576K

Card table byte_map: [0x000001b3f9210000,0x000001b3f95c0000] byte_map_base: 0x000001b3f8dbc000

Marking Bits: (ParMarkBitMap*) 0x0000000055ab3810
 Begin Bits: [0x000001b3f9840000, 0x000001b3fb5a0000)
 End Bits:   [0x000001b3fb5a0000, 0x000001b3fd300000)

Polling page: 0x000001b3f75e0000

CodeCache: size=245760Kb used=5167Kb max_used=5167Kb free=240592Kb
 bounds [0x000001b380000000, 0x000001b380510000, 0x000001b38f000000]
 total_blobs=1975 nmethods=1601 adapters=287
 compilation: enabled

Compilation events (10 events):
Event: 3.775 Thread 0x000001b38f993800 1601       3       java.util.Collections$SingletonList::<init> (10 bytes)
Event: 3.776 Thread 0x000001b38f993800 nmethod 1601 0x000001b38050b150 code [0x000001b38050b2c0, 0x000001b38050b558]
Event: 3.776 Thread 0x000001b38f993800 1604       3       java.lang.ProcessEnvironment$CheckedKeySet::isEmpty (10 bytes)
Event: 3.776 Thread 0x000001b38f993800 nmethod 1604 0x000001b38050ad10 code [0x000001b38050ae80, 0x000001b38050b0b0]
Event: 3.776 Thread 0x000001b38f993800 1605       3       java.lang.ProcessEnvironment$CheckedKeySet::size (10 bytes)
Event: 3.776 Thread 0x000001b38f993800 nmethod 1605 0x000001b38050e310 code [0x000001b38050e480, 0x000001b38050e6b0]
Event: 3.776 Thread 0x000001b38f993800 1606       3       java.lang.ProcessEnvironment$CheckedKeySet::iterator (10 bytes)
Event: 3.776 Thread 0x000001b38f993800 nmethod 1606 0x000001b38050e750 code [0x000001b38050e8c0, 0x000001b38050eaf0]
Event: 3.776 Thread 0x000001b38f993800 1607       3       java.util.stream.AbstractPipeline::<init> (55 bytes)
Event: 3.777 Thread 0x000001b38f993800 nmethod 1607 0x000001b38050eb90 code [0x000001b38050ed00, 0x000001b38050ef78]

GC Heap History (8 events):
Event: 1.279 GC heap before
{Heap before GC invocations=1 (full 0):
 PSYoungGen      total 35328K, used 30720K [0x00000000d8d80000, 0x00000000db480000, 0x0000000100000000)
  eden space 30720K, 100% used [0x00000000d8d80000,0x00000000dab80000,0x00000000dab80000)
  from space 4608K, 0% used [0x00000000db000000,0x00000000db000000,0x00000000db480000)
  to   space 4608K, 0% used [0x00000000dab80000,0x00000000dab80000,0x00000000db000000)
 ParOldGen       total 80896K, used 0K [0x000000008a800000, 0x000000008f700000, 0x00000000d8d80000)
  object space 80896K, 0% used [0x000000008a800000,0x000000008a800000,0x000000008f700000)
 Metaspace       used 8442K, capacity 8642K, committed 8832K, reserved 1056768K
  class space    used 958K, capacity 1029K, committed 1152K, reserved 1048576K
Event: 1.292 GC heap after
Heap after GC invocations=1 (full 0):
 PSYoungGen      total 35328K, used 4587K [0x00000000d8d80000, 0x00000000db480000, 0x0000000100000000)
  eden space 30720K, 0% used [0x00000000d8d80000,0x00000000d8d80000,0x00000000dab80000)
  from space 4608K, 99% used [0x00000000dab80000,0x00000000daffad40,0x00000000db000000)
  to   space 4608K, 0% used [0x00000000db000000,0x00000000db000000,0x00000000db480000)
 ParOldGen       total 80896K, used 211K [0x000000008a800000, 0x000000008f700000, 0x00000000d8d80000)
  object space 80896K, 0% used [0x000000008a800000,0x000000008a834db8,0x000000008f700000)
 Metaspace       used 8442K, capacity 8642K, committed 8832K, reserved 1056768K
  class space    used 958K, capacity 1029K, committed 1152K, reserved 1048576K
}
Event: 2.403 GC heap before
{Heap before GC invocations=2 (full 0):
 PSYoungGen      total 35328K, used 35307K [0x00000000d8d80000, 0x00000000db480000, 0x0000000100000000)
  eden space 30720K, 100% used [0x00000000d8d80000,0x00000000dab80000,0x00000000dab80000)
  from space 4608K, 99% used [0x00000000dab80000,0x00000000daffad40,0x00000000db000000)
  to   space 4608K, 0% used [0x00000000db000000,0x00000000db000000,0x00000000db480000)
 ParOldGen       total 80896K, used 211K [0x000000008a800000, 0x000000008f700000, 0x00000000d8d80000)
  object space 80896K, 0% used [0x000000008a800000,0x000000008a834db8,0x000000008f700000)
 Metaspace       used 11761K, capacity 12232K, committed 12288K, reserved 1060864K
  class space    used 1394K, capacity 1519K, committed 1536K, reserved 1048576K
Event: 2.434 GC heap after
Heap after GC invocations=2 (full 0):
 PSYoungGen      total 35328K, used 4577K [0x00000000d8d80000, 0x00000000dd280000, 0x0000000100000000)
  eden space 30720K, 0% used [0x00000000d8d80000,0x00000000d8d80000,0x00000000dab80000)
  from space 4608K, 99% used [0x00000000db000000,0x00000000db4785f8,0x00000000db480000)
  to   space 4608K, 0% used [0x00000000dab80000,0x00000000dab80000,0x00000000db000000)
 ParOldGen       total 80896K, used 3740K [0x000000008a800000, 0x000000008f700000, 0x00000000d8d80000)
  object space 80896K, 4% used [0x000000008a800000,0x000000008aba7048,0x000000008f700000)
 Metaspace       used 11761K, capacity 12232K, committed 12288K, reserved 1060864K
  class space    used 1394K, capacity 1519K, committed 1536K, reserved 1048576K
}
Event: 2.935 GC heap before
{Heap before GC invocations=3 (full 0):
 PSYoungGen      total 35328K, used 35297K [0x00000000d8d80000, 0x00000000dd280000, 0x0000000100000000)
  eden space 30720K, 100% used [0x00000000d8d80000,0x00000000dab80000,0x00000000dab80000)
  from space 4608K, 99% used [0x00000000db000000,0x00000000db4785f8,0x00000000db480000)
  to   space 4608K, 0% used [0x00000000dab80000,0x00000000dab80000,0x00000000db000000)
 ParOldGen       total 80896K, used 3740K [0x000000008a800000, 0x000000008f700000, 0x00000000d8d80000)
  object space 80896K, 4% used [0x000000008a800000,0x000000008aba7048,0x000000008f700000)
 Metaspace       used 15530K, capacity 16208K, committed 16384K, reserved 1062912K
  class space    used 1832K, capacity 1991K, committed 2048K, reserved 1048576K
Event: 2.943 GC heap after
Heap after GC invocations=3 (full 0):
 PSYoungGen      total 35328K, used 4601K [0x00000000d8d80000, 0x00000000dd280000, 0x0000000100000000)
  eden space 30720K, 0% used [0x00000000d8d80000,0x00000000d8d80000,0x00000000dab80000)
  from space 4608K, 99% used [0x00000000dab80000,0x00000000daffe6f8,0x00000000db000000)
  to   space 4608K, 0% used [0x00000000dce00000,0x00000000dce00000,0x00000000dd280000)
 ParOldGen       total 80896K, used 6758K [0x000000008a800000, 0x000000008f700000, 0x00000000d8d80000)
  object space 80896K, 8% used [0x000000008a800000,0x000000008ae99948,0x000000008f700000)
 Metaspace       used 15530K, capacity 16208K, committed 16384K, reserved 1062912K
  class space    used 1832K, capacity 1991K, committed 2048K, reserved 1048576K
}
Event: 3.738 GC heap before
{Heap before GC invocations=4 (full 0):
 PSYoungGen      total 35328K, used 35321K [0x00000000d8d80000, 0x00000000dd280000, 0x0000000100000000)
  eden space 30720K, 100% used [0x00000000d8d80000,0x00000000dab80000,0x00000000dab80000)
  from space 4608K, 99% used [0x00000000dab80000,0x00000000daffe6f8,0x00000000db000000)
  to   space 4608K, 0% used [0x00000000dce00000,0x00000000dce00000,0x00000000dd280000)
 ParOldGen       total 80896K, used 6758K [0x000000008a800000, 0x000000008f700000, 0x00000000d8d80000)
  object space 80896K, 8% used [0x000000008a800000,0x000000008ae99948,0x000000008f700000)
 Metaspace       used 18913K, capacity 19672K, committed 19968K, reserved 1067008K
  class space    used 2318K, capacity 2513K, committed 2560K, reserved 1048576K
Event: 3.767 GC heap after
Heap after GC invocations=4 (full 0):
 PSYoungGen      total 66048K, used 4607K [0x00000000d8d80000, 0x00000000dd280000, 0x0000000100000000)
  eden space 61440K, 0% used [0x00000000d8d80000,0x00000000d8d80000,0x00000000dc980000)
  from space 4608K, 99% used [0x00000000dce00000,0x00000000dd27fca0,0x00000000dd280000)
  to   space 4608K, 0% used [0x00000000dc980000,0x00000000dc980000,0x00000000dce00000)
 ParOldGen       total 80896K, used 10259K [0x000000008a800000, 0x000000008f700000, 0x00000000d8d80000)
  object space 80896K, 12% used [0x000000008a800000,0x000000008b204c60,0x000000008f700000)
 Metaspace       used 18913K, capacity 19672K, committed 19968K, reserved 1067008K
  class space    used 2318K, capacity 2513K, committed 2560K, reserved 1048576K
}

Deoptimization events (10 events):
Event: 3.225 Thread 0x000001b39049e800 Uncommon trap: reason=class_check action=maybe_recompile pc=0x000001b380499850 method=java.util.concurrent.ConcurrentHashMap.putVal(Ljava/lang/Object;Ljava/lang/Object;Z)Ljava/lang/Object; @ 192
Event: 3.241 Thread 0x000001b39049e800 Uncommon trap: reason=class_check action=maybe_recompile pc=0x000001b380499850 method=java.util.concurrent.ConcurrentHashMap.putVal(Ljava/lang/Object;Ljava/lang/Object;Z)Ljava/lang/Object; @ 192
Event: 3.669 Thread 0x000001b39049e800 Uncommon trap: reason=class_check action=maybe_recompile pc=0x000001b3802f3a4c method=java.lang.StringCoding$StringDecoder.decode([BII)[C @ 30
Event: 3.697 Thread 0x000001b39049e800 Uncommon trap: reason=class_check action=maybe_recompile pc=0x000001b3802f3a4c method=java.lang.StringCoding$StringDecoder.decode([BII)[C @ 30
Event: 3.714 Thread 0x000001b39049e800 Uncommon trap: reason=loop_limit_check action=maybe_recompile pc=0x000001b3803f173c method=java.lang.String.indexOf([CII[CIII)I @ 79
Event: 3.731 Thread 0x000001b39049e800 Uncommon trap: reason=predicate action=maybe_recompile pc=0x000001b3804f99c0 method=java.util.AbstractCollection.toArray([Ljava/lang/Object;)[Ljava/lang/Object; @ 49
Event: 3.736 Thread 0x000001b39049e800 Uncommon trap: reason=array_check action=maybe_recompile pc=0x000001b380503ef0 method=java.util.AbstractCollection.toArray([Ljava/lang/Object;)[Ljava/lang/Object; @ 119
Event: 3.736 Thread 0x000001b39049e800 Uncommon trap: reason=array_check action=maybe_recompile pc=0x000001b380503ef0 method=java.util.AbstractCollection.toArray([Ljava/lang/Object;)[Ljava/lang/Object; @ 119
Event: 3.736 Thread 0x000001b39049e800 Uncommon trap: reason=array_check action=maybe_recompile pc=0x000001b380503ef0 method=java.util.AbstractCollection.toArray([Ljava/lang/Object;)[Ljava/lang/Object; @ 119
Event: 3.736 Thread 0x000001b39049e800 Uncommon trap: reason=array_check action=maybe_recompile pc=0x000001b380503ef0 method=java.util.AbstractCollection.toArray([Ljava/lang/Object;)[Ljava/lang/Object; @ 119

Classes redefined (0 events):
No events

Internal exceptions (10 events):
Event: 1.563 Thread 0x000001b39049e800 Implicit null exception at 0x000001b3802f2a3b to 0x000001b3802f2fa9
Event: 1.621 Thread 0x000001b39049e800 Exception <a 'java/lang/NoSuchMethodError': java.lang.Object.lambda$or$2(Ljava/util/function/BiPredicate;Ljava/lang/Object;Ljava/lang/Object;)Z> (0x00000000da3e1670) thrown at [C:\wsjdk\Corretto8Src\installers\windows\zip\corretto-build\buildRoot\hotspot\
Event: 1.624 Thread 0x000001b39049e800 Exception <a 'java/lang/NoSuchMethodError': java.lang.Object.lambda$chars$0()Ljava/util/Spliterator$OfInt;> (0x00000000da3f9568) thrown at [C:\wsjdk\Corretto8Src\installers\windows\zip\corretto-build\buildRoot\hotspot\src\share\vm\interpreter\linkResolver
Event: 1.642 Thread 0x000001b39049e800 Exception <a 'java/lang/NoSuchMethodError': java.lang.Object.lambda$comparingInt$7b0bb60$1(Ljava/util/function/ToIntFunction;Ljava/lang/Object;Ljava/lang/Object;)I> (0x00000000da491868) thrown at [C:\wsjdk\Corretto8Src\installers\windows\zip\corretto-buil
Event: 1.646 Thread 0x000001b39049e800 Exception <a 'java/lang/IncompatibleClassChangeError': Found class java.lang.Object, but interface was expected> (0x00000000da4c36d0) thrown at [C:\wsjdk\Corretto8Src\installers\windows\zip\corretto-build\buildRoot\hotspot\src\share\vm\interpreter\linkRes
Event: 1.744 Thread 0x000001b39049e800 Exception <a 'java/lang/NoSuchMethodError': java.lang.Object.lambda$comparing$77a9974f$1(Ljava/util/function/Function;Ljava/lang/Object;Ljava/lang/Object;)I> (0x00000000da9ab1e8) thrown at [C:\wsjdk\Corretto8Src\installers\windows\zip\corretto-build\build
Event: 2.531 Thread 0x000001b39049e800 Exception <a 'java/lang/NoSuchMethodError': java.lang.Object.lambda$from$1(Ljava/util/function/Supplier;Lorg/springframework/boot/BootstrapContext;)Ljava/lang/Object;> (0x00000000d92a3bc0) thrown at [C:\wsjdk\Corretto8Src\installers\windows\zip\corretto-b
Event: 2.619 Thread 0x000001b39049e800 Exception <a 'java/lang/NoSuchMethodError': java.lang.Object.lambda$and$0(Ljava/util/function/Predicate;Ljava/lang/Object;)Z> (0x00000000d971cd90) thrown at [C:\wsjdk\Corretto8Src\installers\windows\zip\corretto-build\buildRoot\hotspot\src\share\vm\interp
Event: 2.690 Thread 0x000001b39049e800 Exception <a 'java/lang/NoSuchMethodError': java.lang.Object.lambda$of$0(Ljava/lang/Object;Lorg/springframework/boot/BootstrapContext;)Ljava/lang/Object;> (0x00000000d99a1560) thrown at [C:\wsjdk\Corretto8Src\installers\windows\zip\corretto-build\buildRoo
Event: 3.090 Thread 0x000001b39049e800 Exception <a 'java/lang/IncompatibleClassChangeError': Found class java.lang.Object, but interface was expected> (0x00000000d9ae30f8) thrown at [C:\wsjdk\Corretto8Src\installers\windows\zip\corretto-build\buildRoot\hotspot\src\share\vm\interpreter\linkRes

Events (10 events):
Event: 3.736 Thread 0x000001b39049e800 DEOPT PACKING pc=0x000001b380503ef0 sp=0x0000000c863fc9f0
Event: 3.736 Thread 0x000001b39049e800 DEOPT UNPACKING pc=0x000001b380045583 sp=0x0000000c863fc978 mode 2
Event: 3.736 Thread 0x000001b39049e800 Uncommon trap: trap_request=0xffffffd6 fr.pc=0x000001b380503ef0
Event: 3.736 Thread 0x000001b39049e800 DEOPT PACKING pc=0x000001b380503ef0 sp=0x0000000c863fd030
Event: 3.736 Thread 0x000001b39049e800 DEOPT UNPACKING pc=0x000001b380045583 sp=0x0000000c863fcfc8 mode 2
Event: 3.736 Thread 0x000001b39049e800 Uncommon trap: trap_request=0xffffffd6 fr.pc=0x000001b380503ef0
Event: 3.736 Thread 0x000001b39049e800 DEOPT PACKING pc=0x000001b380503ef0 sp=0x0000000c863fd080
Event: 3.736 Thread 0x000001b39049e800 DEOPT UNPACKING pc=0x000001b380045583 sp=0x0000000c863fd018 mode 2
Event: 3.738 Executing VM operation: ParallelGCFailedAllocation
Event: 3.767 Executing VM operation: ParallelGCFailedAllocation done


Dynamic libraries:
0x00007ff7a3f60000 - 0x00007ff7a3fa6000 	C:\Users\User\.jdks\corretto-1.8.0_412\bin\java.exe
0x00007ffae9ed0000 - 0x00007ffaea0e7000 	C:\WINDOWS\SYSTEM32\ntdll.dll
0x00007ffae8d40000 - 0x00007ffae8e04000 	C:\WINDOWS\System32\KERNEL32.DLL
0x00007ffae77e0000 - 0x00007ffae7b87000 	C:\WINDOWS\System32\KERNELBASE.dll
0x00007ffae8170000 - 0x00007ffae8222000 	C:\WINDOWS\System32\ADVAPI32.dll
0x00007ffae90b0000 - 0x00007ffae9157000 	C:\WINDOWS\System32\msvcrt.dll
0x00007ffae8e90000 - 0x00007ffae8f38000 	C:\WINDOWS\System32\sechost.dll
0x00007ffae71f0000 - 0x00007ffae7218000 	C:\WINDOWS\System32\bcrypt.dll
0x00007ffae7c60000 - 0x00007ffae7d75000 	C:\WINDOWS\System32\RPCRT4.dll
0x00007ffae7d80000 - 0x00007ffae7f2e000 	C:\WINDOWS\System32\USER32.dll
0x00007ffae7340000 - 0x00007ffae7366000 	C:\WINDOWS\System32\win32u.dll
0x00007ffae9ce0000 - 0x00007ffae9d09000 	C:\WINDOWS\System32\GDI32.dll
0x00007ffae7580000 - 0x00007ffae7699000 	C:\WINDOWS\System32\gdi32full.dll
0x00007ffae7370000 - 0x00007ffae740a000 	C:\WINDOWS\System32\msvcp_win.dll
0x00007ffae7220000 - 0x00007ffae7331000 	C:\WINDOWS\System32\ucrtbase.dll
0x00007ffad79c0000 - 0x00007ffad7c53000 	C:\WINDOWS\WinSxS\amd64_microsoft.windows.common-controls_6595b64144ccf1df_6.0.22621.3527_none_270e469b73872a76\COMCTL32.dll
0x00007ffae9ca0000 - 0x00007ffae9cd1000 	C:\WINDOWS\System32\IMM32.DLL
0x00007ffad6340000 - 0x00007ffad6355000 	C:\Users\User\.jdks\corretto-1.8.0_412\jre\bin\vcruntime140.dll
0x00007ffaaec70000 - 0x00007ffaaed0b000 	C:\Users\User\.jdks\corretto-1.8.0_412\jre\bin\msvcp140.dll
0x00000000552d0000 - 0x0000000055b2c000 	C:\Users\User\.jdks\corretto-1.8.0_412\jre\bin\server\jvm.dll
0x00007ffae9e80000 - 0x00007ffae9e88000 	C:\WINDOWS\System32\PSAPI.DLL
0x00007ffae0a80000 - 0x00007ffae0a89000 	C:\WINDOWS\SYSTEM32\WSOCK32.dll
0x00007ffadc1d0000 - 0x00007ffadc1da000 	C:\WINDOWS\SYSTEM32\VERSION.dll
0x00007ffae8e10000 - 0x00007ffae8e81000 	C:\WINDOWS\System32\WS2_32.dll
0x00007ffae21c0000 - 0x00007ffae21f4000 	C:\WINDOWS\SYSTEM32\WINMM.dll
0x00007ffae61e0000 - 0x00007ffae61f8000 	C:\WINDOWS\SYSTEM32\kernel.appcore.dll
0x00007ffad6320000 - 0x00007ffad6330000 	C:\Users\User\.jdks\corretto-1.8.0_412\jre\bin\verify.dll
0x00007ffad5a50000 - 0x00007ffad5a7b000 	C:\Users\User\.jdks\corretto-1.8.0_412\jre\bin\java.dll
0x00007ffad59e0000 - 0x00007ffad5a12000 	C:\Users\User\.jdks\corretto-1.8.0_412\jre\bin\instrument.dll
0x00007ffad59c0000 - 0x00007ffad59d8000 	C:\Users\User\.jdks\corretto-1.8.0_412\jre\bin\zip.dll
0x00007ffae84e0000 - 0x00007ffae8d3c000 	C:\WINDOWS\System32\SHELL32.dll
0x00007ffae50e0000 - 0x00007ffae59d6000 	C:\WINDOWS\SYSTEM32\windows.storage.dll
0x00007ffae91d0000 - 0x00007ffae9558000 	C:\WINDOWS\System32\combase.dll
0x00007ffae4fa0000 - 0x00007ffae50de000 	C:\WINDOWS\SYSTEM32\wintypes.dll
0x00007ffae82e0000 - 0x00007ffae83d5000 	C:\WINDOWS\System32\SHCORE.dll
0x00007ffae7c00000 - 0x00007ffae7c5e000 	C:\WINDOWS\System32\shlwapi.dll
0x00007ffae7120000 - 0x00007ffae7141000 	C:\WINDOWS\SYSTEM32\profapi.dll
0x00007ffad5780000 - 0x00007ffad579a000 	C:\Program Files\JetBrains\IntelliJ IDEA Community Edition 2024.1.2\bin\breakgen64.dll
0x00007ffadba70000 - 0x00007ffadba8c000 	C:\Users\User\.jdks\corretto-1.8.0_412\jre\bin\net.dll
0x00007ffae6680000 - 0x00007ffae66e9000 	C:\WINDOWS\system32\mswsock.dll
0x00007ffae5c40000 - 0x00007ffae5c6d000 	C:\WINDOWS\SYSTEM32\IPHLPAPI.DLL
0x00007ffae90a0000 - 0x00007ffae90a9000 	C:\WINDOWS\System32\NSI.dll
0x00007ffae02d0000 - 0x00007ffae02e9000 	C:\WINDOWS\SYSTEM32\dhcpcsvc6.DLL
0x00007ffae02b0000 - 0x00007ffae02cf000 	C:\WINDOWS\SYSTEM32\dhcpcsvc.DLL
0x00007ffae5cb0000 - 0x00007ffae5da8000 	C:\WINDOWS\SYSTEM32\DNSAPI.dll
0x00007ffadeae0000 - 0x00007ffadeaea000 	C:\Windows\System32\rasadhlp.dll
0x00007ffadf2b0000 - 0x00007ffadf333000 	C:\WINDOWS\System32\fwpuclnt.dll

VM Arguments:
jvm_args: -javaagent:C:\Program Files\JetBrains\IntelliJ IDEA Community Edition 2024.1.2\lib\idea_rt.jar=55924:C:\Program Files\JetBrains\IntelliJ IDEA Community Edition 2024.1.2\bin -Dfile.encoding=UTF-8 
java_command: com.irfan.currencyconversionservice.CurrencyConversionServiceApplication java -Xms512m -Xmx2048m -jar your-application.jar
java_class_path (initial): C:\Users\User\.jdks\corretto-1.8.0_412\jre\lib\charsets.jar;C:\Users\User\.jdks\corretto-1.8.0_412\jre\lib\ext\access-bridge-64.jar;C:\Users\User\.jdks\corretto-1.8.0_412\jre\lib\ext\cldrdata.jar;C:\Users\User\.jdks\corretto-1.8.0_412\jre\lib\ext\dnsns.jar;C:\Users\User\.jdks\corretto-1.8.0_412\jre\lib\ext\jaccess.jar;C:\Users\User\.jdks\corretto-1.8.0_412\jre\lib\ext\jfxrt.jar;C:\Users\User\.jdks\corretto-1.8.0_412\jre\lib\ext\localedata.jar;C:\Users\User\.jdks\corretto-1.8.0_412\jre\lib\ext\nashorn.jar;C:\Users\User\.jdks\corretto-1.8.0_412\jre\lib\ext\sunec.jar;C:\Users\User\.jdks\corretto-1.8.0_412\jre\lib\ext\sunjce_provider.jar;C:\Users\User\.jdks\corretto-1.8.0_412\jre\lib\ext\sunmscapi.jar;C:\Users\User\.jdks\corretto-1.8.0_412\jre\lib\ext\sunpkcs11.jar;C:\Users\User\.jdks\corretto-1.8.0_412\jre\lib\ext\zipfs.jar;C:\Users\User\.jdks\corretto-1.8.0_412\jre\lib\jce.jar;C:\Users\User\.jdks\corretto-1.8.0_412\jre\lib\jfr.jar;C:\Users\User\.jdks\corretto-1.8.0_412\jre\lib\jfxswt.jar;C:\Users\User\.jdks\corretto-1.8.0_412\jre\lib\jsse.jar;C:\Users\User\.jdks\corretto-1.8.0_412\jre\lib\management-agent.jar;C:\Users\User\.jdks\corretto-1.8.0_412\jre\lib\resources.jar;C:\Users\User\.jdks\corretto-1.8.0_412\jre\lib\rt.jar;D:\training\zuul-ms-poc\currency-conversion-service\target\classes;C:\Users\User\.m2\repository\org\springframework\boot\spring-boot-starter-actuator\2.7.18\spring-boot-starter-actuator-2.7.18.jar;C:\Users\User\.m2\repository\org\springframework\boot\spring-boot-starter\2.7.18\spring-boot-starter-2.7.18.jar;C:\Users\User\.m2\repository\org\springframework\boot\spring-boot-starter-logging\2.7.18\spring-boot-starter-logging-2.7.18.jar;C:\Users\User\.m2\repository\ch\qos\logback\logback-classic\1.2.12\logback-classic-1.2.12.jar;C:\Users\User\.m2\repository\ch\qos\logback\logback-core\1.2.12\logback-core-1.2.12.jar;C:\Users\User\.m2\repository\org\apache\logging\log4j\log4j-to-slf4j\2.17.2\log4j-to-slf4j-2.17.2.jar;C:\Users\U
Launcher Type: SUN_STANDARD

Environment Variables:
PATH=C:\Program Files\Common Files\Oracle\Java\javapath;C:\WINDOWS\system32;C:\WINDOWS;C:\WINDOWS\System32\Wbem;C:\WINDOWS\System32\WindowsPowerShell\v1.0\;C:\WINDOWS\System32\OpenSSH\;C:\Program Files\Git\cmd;C:\laragon\bin\php\php-8.1.3;C:\ProgramData\ComposerSetup\bin;C:\Program Files\PuTTY\;C:\Program Files\nodejs\;C:\Program Files\Docker\Docker\resources\bin;D:\apache-maven-3.9.5\bin;C:\laragon\bin;C:\laragon\bin\apache\httpd-2.4.47-win64-VS16\bin;C:\laragon\bin\composer;C:\laragon\bin\git\bin;C:\laragon\bin\git\cmd;C:\laragon\bin\git\mingw64\bin;C:\laragon\bin\git\usr\bin;C:\laragon\bin\laragon\utils;C:\laragon\bin\mysql\mysql-5.7.33-winx64\bin;C:\laragon\bin\nginx\nginx-1.19.10;C:\laragon\bin\ngrok;C:\laragon\bin\nodejs\node-v14;C:\laragon\bin\notepad++;C:\laragon\bin\php\php-8.2.18;C:\laragon\bin\redis\redis-x64-3.2.100;C:\laragon\bin\telnet;C:\laragon\usr\bin;C:\Users\User\AppData\Local\Yarn\config\global\node_modules\.bin;C:\Users\User\AppData\Roaming\Composer\vendor\bin;C:\Users\User\AppData\Roaming\npm;C:\Users\User\AppData\Local\Microsoft\WindowsApps;C:\Users\User\AppData\Local\Programs\Microsoft VS Code\bin;C:\Program Files\JetBrains\IntelliJ IDEA Educational Edition 2022.2.2\bin;;C:\Program Files\JetBrains\IntelliJ IDEA Community Edition 2024.1.2\bin;
USERNAME=User
OS=Windows_NT
PROCESSOR_IDENTIFIER=AMD64 Family 23 Model 104 Stepping 1, AuthenticAMD



---------------  S Y S T E M  ---------------

OS: Windows 11 , 64 bit Build 22621 (10.0.22621.3527)

CPU:total 12 (initial active 12) (12 cores per cpu, 1 threads per core) family 23 model 104 stepping 1, cmov, cx8, fxsr, mmx, sse, sse2, sse3, ssse3, sse4.1, sse4.2, popcnt, avx, avx2, aes, clmul, mmxext, 3dnowpref, lzcnt, sse4a, tsc, tscinvbit, tscinv, bmi1

Memory: 4k page, physical 7694908k(609300k free), swap 23423544k(2700k free)

vm_info: OpenJDK 64-Bit Server VM (25.412-b08) for windows-amd64 JRE (1.8.0_412-b08), built on Apr 10 2024 19:24:07 by "Administrator" with MS VC++ 15.9 (VS2017)

time: Wed Jun 12 13:45:08 2024
timezone: Malay Peninsula Standard Time
elapsed time: 3.787960 seconds (0d 0h 0m 3s)

